INFO:root:Wed Nov  4 14:05:31 2020 Loading model to device cpu
INFO:root:Wed Nov  4 14:06:04 2020 Loading model to device cpu
INFO:root:Wed Nov  4 14:06:56 2020 Loading model to device cpu
INFO:root:Wed Nov  4 14:07:14 2020 Finish loading in 17.851396083831787
INFO:root:Wed Nov  4 14:08:54 2020 Path to test Image: E:/Project_DL/NCKH_GUI_app/img_test/55.png
INFO:root:Wed Nov  4 14:12:21 2020 Loading model to device cpu
INFO:root:Wed Nov  4 14:12:38 2020 Finish loading in 17.061133861541748
INFO:root:Wed Nov  4 14:12:47 2020 Path to test Image: E:/Project_DL/NCKH_GUI_app/img_test/55.png
INFO:root:Wed Nov  4 14:15:58 2020 Loading model to device cpu
INFO:root:Wed Nov  4 14:16:18 2020 Finish loading in 20.361061573028564
INFO:root:Wed Nov  4 14:16:39 2020 Path to test Image: E:/Project_DL/NCKH_GUI_app/img_test/55.png
INFO:root:Wed Nov  4 14:16:39 2020 Finish image loading: E:/Project_DL/NCKH_GUI_app/img_test/55.png
INFO:root:Wed Nov  4 14:17:58 2020 Processing time: 27.80411195755005
INFO:root:Wed Nov  4 14:19:03 2020 Processing time: 24.257590770721436
INFO:root:/n
INFO:root:Wed Nov  4 14:41:35 2020 Loading model to device cpu
INFO:root:Wed Nov  4 14:41:53 2020 Finish loading model in 18.469823122024536
INFO:root:Wed Nov  4 14:42:16 2020 Path to test Image: E:/Project_DL/NCKH_GUI_app/img_test/55.png
INFO:root:Wed Nov  4 14:42:16 2020 Finish loading image: E:/Project_DL/NCKH_GUI_app/img_test/55.png
INFO:root:Wed Nov  4 14:42:39 2020 Processing time: 22.096280336380005
INFO:root:Wed Nov  4 14:44:27 2020 Processing time: 31.059110164642334
INFO:root:

INFO:root:Wed Nov  4 14:48:33 2020 Loading model to device cpu
INFO:root:Wed Nov  4 14:48:52 2020 Finish loading model in 19.006322145462036
INFO:root:Wed Nov  4 14:49:08 2020 Path to test Image: E:/Project_DL/NCKH_GUI_app/img_test/55.png
INFO:root:Wed Nov  4 14:49:08 2020 Finish loading image: E:/Project_DL/NCKH_GUI_app/img_test/55.png
INFO:root:Wed Nov  4 14:49:31 2020 Processing time: 21.702810287475586
INFO:root:Wed Nov  4 14:49:31 2020 Image saved 
INFO:root:

INFO:root:Wed Nov  4 14:54:27 2020 Loading model to device cpu
INFO:root:Wed Nov  4 14:54:46 2020 Finish loading model in 19.828561067581177
INFO:root:Wed Nov  4 14:55:23 2020 Path to test Image: E:/Project_DL/NCKH_GUI_app/img_test/55.png
INFO:root:Wed Nov  4 14:55:23 2020 Finish loading image: E:/Project_DL/NCKH_GUI_app/img_test/55.png
INFO:root:Wed Nov  4 14:55:48 2020 Processing time: 22.82876682281494
INFO:root:Wed Nov  4 14:55:48 2020 Image saved 
INFO:root:

INFO:root:Wed Nov  4 14:58:22 2020 Loading model to device cpu
INFO:root:Wed Nov  4 14:58:40 2020 Finish loading model in 18.304978132247925
INFO:root:Wed Nov  4 14:59:10 2020 Path to test Image: E:/Project_DL/NCKH_GUI_app/img_test/55.png
INFO:root:Wed Nov  4 14:59:10 2020 Finish loading image: E:/Project_DL/NCKH_GUI_app/img_test/55.png
INFO:root:Wed Nov  4 14:59:34 2020 Processing time: 22.476096391677856
INFO:root:

INFO:root:Wed Nov  4 15:02:01 2020 Loading model to device cpu
INFO:root:Wed Nov  4 15:02:20 2020 Finish loading model in 19.21513319015503
INFO:root:Wed Nov  4 15:02:43 2020 Path to test Image: E:/Project_DL/NCKH_GUI_app/img_test/55.png
INFO:root:Wed Nov  4 15:02:43 2020 Finish loading image: E:/Project_DL/NCKH_GUI_app/img_test/55.png
INFO:root:Wed Nov  4 15:03:07 2020 Processing time: 23.04856252670288
INFO:root:Wed Nov  4 15:03:07 2020 Image saved 
INFO:root:

INFO:root:Wed Nov  4 15:04:41 2020 Loading model to device cpu
INFO:root:Wed Nov  4 15:04:59 2020 Finish loading model in 18.937384605407715
INFO:root:Wed Nov  4 15:05:12 2020 Path to test Image: E:/Project_DL/NCKH_GUI_app/img_test/55.png
INFO:root:Wed Nov  4 15:05:12 2020 Finish loading image: E:/Project_DL/NCKH_GUI_app/img_test/55.png
INFO:root:Wed Nov  4 15:05:36 2020 Processing time: 22.45910954475403
INFO:root:

INFO:root:Wed Nov  4 15:06:50 2020 Loading model to device cpu
INFO:root:Wed Nov  4 15:07:08 2020 Finish loading model in 17.463760137557983
INFO:root:Wed Nov  4 15:07:17 2020 Path to test Image: E:/Project_DL/NCKH_GUI_app/img_test/55.png
INFO:root:Wed Nov  4 15:07:17 2020 Finish loading image: E:/Project_DL/NCKH_GUI_app/img_test/55.png
INFO:root:Wed Nov  4 15:07:40 2020 Processing time: 22.095446586608887
INFO:root:Wed Nov  4 15:07:40 2020 Image saved 
INFO:root:

INFO:root:Wed Nov  4 15:13:59 2020 Loading model to device cpu
INFO:root:Wed Nov  4 15:14:20 2020 Loading checkpoint 'checkpoint/'
INFO:root:

INFO:root:Wed Nov  4 15:15:35 2020 Loading model to device cpu
INFO:root:Wed Nov  4 15:15:57 2020 Loading checkpoint 'checkpoint/checkpoint_best.pth.tar'
INFO:root:

INFO:root:Wed Nov  4 15:18:14 2020 Loading model to device cpu
INFO:root:Wed Nov  4 15:18:33 2020 Loading checkpoint 'checkpoint/checkpoint_best.pth.tar'
INFO:root:

INFO:root:Wed Nov  4 15:19:01 2020 Loading model to device cpu
INFO:root:Wed Nov  4 15:19:19 2020 Loading checkpoint 'checkpoint/checkpoint_best.pth.tar'
INFO:root:

INFO:root:Wed Nov  4 15:19:31 2020 Loading model to device cpu
INFO:root:Wed Nov  4 15:19:50 2020 Loading checkpoint 'checkpoint/checkpoint_best.pth.tar'
INFO:root:

INFO:root:Wed Nov  4 15:20:33 2020 Loading model to device cpu
INFO:root:Wed Nov  4 15:20:54 2020 Loading checkpoint 'checkpoint/checkpoint_best.pth.tar'
INFO:root:

INFO:root:Wed Nov  4 15:21:11 2020 Loading model to device cpu
INFO:root:Wed Nov  4 15:21:32 2020 Loading checkpoint 'checkpoint/checkpoint_best.pth.tar'
INFO:root:Wed Nov  4 15:21:32 2020 Loaded checkpoint 'checkpoint/checkpoint_best.pth.tar' (epoch 654)
INFO:root:Wed Nov  4 15:21:32 2020 Finish loading model in 20.900551795959473
INFO:root:Wed Nov  4 15:21:57 2020 Path to test Image: E:/Project_DL/dataset for lowlight/LOLdataset/eval15/low/22.png
INFO:root:Wed Nov  4 15:21:58 2020 Finish loading image: E:/Project_DL/dataset for lowlight/LOLdataset/eval15/low/22.png
INFO:root:Wed Nov  4 15:22:26 2020 Processing time: 16.40973401069641
INFO:root:

INFO:root:Wed Nov  4 15:24:07 2020 Loading model to device cpu
INFO:root:Wed Nov  4 15:24:25 2020 Loading checkpoint 'checkpoint/checkpoint_best.pth.tar'
INFO:root:Wed Nov  4 15:24:26 2020 Loaded checkpoint 'checkpoint/checkpoint_best.pth.tar' (epoch 654)
INFO:root:Wed Nov  4 15:24:26 2020 Finish loading model in 18.83502197265625
INFO:root:Wed Nov  4 15:24:38 2020 Path to test Image: E:/Project_DL/dataset for lowlight/LOLdataset/eval15/low/1.png
INFO:root:Wed Nov  4 15:24:38 2020 Finish loading image: E:/Project_DL/dataset for lowlight/LOLdataset/eval15/low/1.png
INFO:root:Wed Nov  4 15:24:56 2020 Processing time: 16.205199241638184
INFO:root:

INFO:root:Wed Nov  4 15:27:14 2020 Loading model to device cpu
INFO:root:Wed Nov  4 15:27:34 2020 Loading checkpoint 'checkpoint/checkpoint_best.pth.tar'
INFO:root:Wed Nov  4 15:27:34 2020 Loaded checkpoint 'checkpoint/checkpoint_best.pth.tar' (epoch 654)
INFO:root:Wed Nov  4 15:27:34 2020 Finish loading model in 19.69568419456482
INFO:root:Wed Nov  4 15:27:52 2020 Path to test Image: E:/Project_DL/dataset for lowlight/LOLdataset/eval15/low/55.png
INFO:root:Wed Nov  4 15:27:52 2020 Finish loading image: E:/Project_DL/dataset for lowlight/LOLdataset/eval15/low/55.png
INFO:root:Wed Nov  4 15:28:10 2020 Processing time: 16.492656707763672
INFO:root:Wed Nov  4 15:28:10 2020 Image saved 
INFO:root:

INFO:root:Wed Nov  4 15:33:54 2020 Loading model to device cpu
INFO:root:Wed Nov  4 15:34:13 2020 Loading checkpoint 'checkpoint/checkpoint_best.pth.tar'
INFO:root:Wed Nov  4 15:34:13 2020 Loaded checkpoint 'checkpoint/checkpoint_best.pth.tar' (epoch 654)
INFO:root:Wed Nov  4 15:34:13 2020 Finish loading model in 18.69161891937256
INFO:root:Wed Nov  4 15:34:18 2020 Path to test Image: E:/Project_DL/NCKH_GUI_app/img_test/55.png
INFO:root:Wed Nov  4 15:34:18 2020 Finish loading image: E:/Project_DL/NCKH_GUI_app/img_test/55.png
INFO:root:Wed Nov  4 15:34:37 2020 Processing time: 17.412803888320923
INFO:root:Wed Nov  4 15:34:37 2020 Image saved 
INFO:root:

INFO:root:Wed Nov  4 15:38:04 2020 Loading model to device cpu
INFO:root:Wed Nov  4 15:38:23 2020 Loading checkpoint 'checkpoint/checkpoint_best.pth.tar'
INFO:root:Wed Nov  4 15:38:23 2020 Loaded checkpoint 'checkpoint/checkpoint_best.pth.tar' (epoch 654)
INFO:root:Wed Nov  4 15:38:23 2020 Finish loading model in 19.148191213607788
INFO:root:Wed Nov  4 15:39:00 2020 Path to test Image: E:/Project_DL/dataset for lowlight/LOLdataset/eval15/low/1.png
INFO:root:Wed Nov  4 15:39:00 2020 Finish loading image: E:/Project_DL/dataset for lowlight/LOLdataset/eval15/low/1.png
INFO:root:Wed Nov  4 15:39:20 2020 Processing time: 18.15112543106079
INFO:root:Wed Nov  4 15:39:20 2020 Image saved 
INFO:root:

INFO:root:Wed Nov  4 15:47:30 2020 Loading model to device cpu
INFO:root:Wed Nov  4 15:47:49 2020 Loading checkpoint 'checkpoint/checkpoint_best.pth.tar'
INFO:root:Wed Nov  4 15:47:49 2020 Loaded checkpoint 'checkpoint/checkpoint_best.pth.tar' (epoch 654)
INFO:root:Wed Nov  4 15:47:49 2020 Finish loading model in 18.381897926330566
INFO:root:Wed Nov  4 15:48:24 2020 Path to test Image: E:/Project_DL/dataset for lowlight/LOLdataset/eval15/low/23.png
INFO:root:Wed Nov  4 15:48:24 2020 Finish loading image: E:/Project_DL/dataset for lowlight/LOLdataset/eval15/low/23.png
INFO:root:Wed Nov  4 15:48:44 2020 Processing time: 17.684560775756836
INFO:root:Wed Nov  4 15:48:44 2020 Image saved 
INFO:root:

INFO:root:Wed Nov  4 15:51:03 2020 Loading model to device cpu
INFO:root:Wed Nov  4 15:51:25 2020 Loading checkpoint 'checkpoint/checkpoint_best.pth.tar'
INFO:root:Wed Nov  4 15:51:25 2020 Loaded checkpoint 'checkpoint/checkpoint_best.pth.tar' (epoch 654)
INFO:root:Wed Nov  4 15:51:25 2020 Finish loading model in 21.69282579421997
INFO:root:Wed Nov  4 15:51:50 2020 Path to test Image: E:/Project_DL/dataset for lowlight/LOLdataset/eval15/low/547.png
INFO:root:Wed Nov  4 15:51:50 2020 Finish loading image: E:/Project_DL/dataset for lowlight/LOLdataset/eval15/low/547.png
INFO:root:Wed Nov  4 15:52:09 2020 Processing time: 16.871299982070923
INFO:root:Wed Nov  4 15:52:09 2020 Image saved 
INFO:root:

INFO:root:Wed Nov  4 15:55:43 2020 Loading model to device cpu
INFO:root:Wed Nov  4 15:56:05 2020 Loading checkpoint 'checkpoint/checkpoint_best.pth.tar'
INFO:root:Wed Nov  4 15:56:05 2020 Loaded checkpoint 'checkpoint/checkpoint_best.pth.tar' (epoch 654)
INFO:root:Wed Nov  4 15:56:05 2020 Finish loading model in 22.14592671394348
INFO:root:Wed Nov  4 15:56:31 2020 Path to test Image: E:/Project_DL/dataset for lowlight/LOLdataset/eval15/low/79.png
INFO:root:Wed Nov  4 15:56:31 2020 Finish loading image: E:/Project_DL/dataset for lowlight/LOLdataset/eval15/low/79.png
INFO:root:Wed Nov  4 15:56:51 2020 Processing time: 18.60169506072998
INFO:root:Wed Nov  4 15:56:52 2020 Image saved 
INFO:root:

INFO:root:Wed Nov  4 15:57:57 2020 Loading model to device cpu
INFO:root:Wed Nov  4 15:58:16 2020 Loading checkpoint 'checkpoint/checkpoint_best.pth.tar'
INFO:root:Wed Nov  4 15:58:16 2020 Loaded checkpoint 'checkpoint/checkpoint_best.pth.tar' (epoch 654)
INFO:root:Wed Nov  4 15:58:16 2020 Finish loading model in 18.50179171562195
INFO:root:Wed Nov  4 15:58:50 2020 Path to test Image: E:/Project_DL/dataset for lowlight/LOLdataset/eval15/low/22.png
INFO:root:Wed Nov  4 15:58:50 2020 Finish loading image: E:/Project_DL/dataset for lowlight/LOLdataset/eval15/low/22.png
INFO:root:Wed Nov  4 15:59:11 2020 Processing time: 19.420947074890137
INFO:root:Wed Nov  4 15:59:11 2020 Image saved 
INFO:root:

INFO:root:Wed Nov  4 16:00:35 2020 Path to test Image: E:/Project_DL/dataset for lowlight/LOLdataset/eval15/low/780.png
INFO:root:

INFO:root:

INFO:root:Wed Nov  4 16:01:41 2020 Loading model to device cpu
INFO:root:Wed Nov  4 16:01:59 2020 Loading checkpoint 'checkpoint/checkpoint_best.pth.tar'
INFO:root:Wed Nov  4 16:02:00 2020 Loaded checkpoint 'checkpoint/checkpoint_best.pth.tar' (epoch 654)
INFO:root:Wed Nov  4 16:02:00 2020 Finish loading model in 18.293987274169922
INFO:root:Wed Nov  4 16:02:23 2020 Path to test Image: E:/Project_DL/dataset for lowlight/LOLdataset/eval15/low/493.png
INFO:root:Wed Nov  4 16:02:23 2020 Finish loading image: E:/Project_DL/dataset for lowlight/LOLdataset/eval15/low/493.png
INFO:root:Wed Nov  4 16:02:40 2020 Processing time: 15.484597444534302
INFO:root:Wed Nov  4 16:02:40 2020 Image saved 
